Started GET "/" for ::1 at 2019-12-27 12:50:41 +0200
Processing by Rails::WelcomeController#index as HTML
  Rendering /Users/nickhar/.rbenv/versions/2.6.4/lib/ruby/gems/2.6.0/gems/railties-5.2.4.1/lib/rails/templates/rails/welcome/index.html.erb
  Rendered /Users/nickhar/.rbenv/versions/2.6.4/lib/ruby/gems/2.6.0/gems/railties-5.2.4.1/lib/rails/templates/rails/welcome/index.html.erb (4.0ms)
Completed 200 OK in 47ms (Views: 23.2ms | ActiveRecord: 0.0ms)


Started GET "/" for ::1 at 2019-12-27 13:03:04 +0200
Processing by WelcomeController#index as HTML
Completed 406 Not Acceptable in 5ms (ActiveRecord: 0.0ms)


  
ActionController::UnknownFormat (WelcomeController#index is missing a template for this request format and variant.

request.formats: ["text/html"]
request.variant: []

NOTE! For XHR/Ajax or API requests, this action would normally respond with 204 No Content: an empty white screen. Since you're loading it in a web browser, we assume that you expected to actually render a template, not nothing, so we're showing an error to be extra-clear. If you expect 204 No Content, carry on. That's what you'll get from an XHR or API request. Give it a shot.):
  
actionpack (5.2.4.1) lib/action_controller/metal/implicit_render.rb:55:in `default_render'
actionpack (5.2.4.1) lib/action_controller/metal/basic_implicit_render.rb:6:in `block in send_action'
actionpack (5.2.4.1) lib/action_controller/metal/basic_implicit_render.rb:6:in `tap'
actionpack (5.2.4.1) lib/action_controller/metal/basic_implicit_render.rb:6:in `send_action'
actionpack (5.2.4.1) lib/abstract_controller/base.rb:194:in `process_action'
actionpack (5.2.4.1) lib/action_controller/metal/rendering.rb:30:in `process_action'
actionpack (5.2.4.1) lib/abstract_controller/callbacks.rb:42:in `block in process_action'
activesupport (5.2.4.1) lib/active_support/callbacks.rb:132:in `run_callbacks'
actionpack (5.2.4.1) lib/abstract_controller/callbacks.rb:41:in `process_action'
actionpack (5.2.4.1) lib/action_controller/metal/rescue.rb:22:in `process_action'
actionpack (5.2.4.1) lib/action_controller/metal/instrumentation.rb:34:in `block in process_action'
activesupport (5.2.4.1) lib/active_support/notifications.rb:168:in `block in instrument'
activesupport (5.2.4.1) lib/active_support/notifications/instrumenter.rb:23:in `instrument'
activesupport (5.2.4.1) lib/active_support/notifications.rb:168:in `instrument'
actionpack (5.2.4.1) lib/action_controller/metal/instrumentation.rb:32:in `process_action'
actionpack (5.2.4.1) lib/action_controller/metal/params_wrapper.rb:256:in `process_action'
activerecord (5.2.4.1) lib/active_record/railties/controller_runtime.rb:24:in `process_action'
actionpack (5.2.4.1) lib/abstract_controller/base.rb:134:in `process'
actionview (5.2.4.1) lib/action_view/rendering.rb:32:in `process'
actionpack (5.2.4.1) lib/action_controller/metal.rb:191:in `dispatch'
actionpack (5.2.4.1) lib/action_controller/metal.rb:252:in `dispatch'
actionpack (5.2.4.1) lib/action_dispatch/routing/route_set.rb:52:in `dispatch'
actionpack (5.2.4.1) lib/action_dispatch/routing/route_set.rb:34:in `serve'
actionpack (5.2.4.1) lib/action_dispatch/journey/router.rb:52:in `block in serve'
actionpack (5.2.4.1) lib/action_dispatch/journey/router.rb:35:in `each'
actionpack (5.2.4.1) lib/action_dispatch/journey/router.rb:35:in `serve'
actionpack (5.2.4.1) lib/action_dispatch/routing/route_set.rb:840:in `call'
rack (2.0.8) lib/rack/tempfile_reaper.rb:15:in `call'
rack (2.0.8) lib/rack/etag.rb:25:in `call'
rack (2.0.8) lib/rack/conditional_get.rb:25:in `call'
rack (2.0.8) lib/rack/head.rb:12:in `call'
actionpack (5.2.4.1) lib/action_dispatch/http/content_security_policy.rb:18:in `call'
rack (2.0.8) lib/rack/session/abstract/id.rb:259:in `context'
rack (2.0.8) lib/rack/session/abstract/id.rb:253:in `call'
actionpack (5.2.4.1) lib/action_dispatch/middleware/cookies.rb:670:in `call'
activerecord (5.2.4.1) lib/active_record/migration.rb:559:in `call'
actionpack (5.2.4.1) lib/action_dispatch/middleware/callbacks.rb:28:in `block in call'
activesupport (5.2.4.1) lib/active_support/callbacks.rb:98:in `run_callbacks'
actionpack (5.2.4.1) lib/action_dispatch/middleware/callbacks.rb:26:in `call'
actionpack (5.2.4.1) lib/action_dispatch/middleware/executor.rb:14:in `call'
actionpack (5.2.4.1) lib/action_dispatch/middleware/debug_exceptions.rb:61:in `call'
web-console (3.7.0) lib/web_console/middleware.rb:135:in `call_app'
web-console (3.7.0) lib/web_console/middleware.rb:30:in `block in call'
web-console (3.7.0) lib/web_console/middleware.rb:20:in `catch'
web-console (3.7.0) lib/web_console/middleware.rb:20:in `call'
actionpack (5.2.4.1) lib/action_dispatch/middleware/show_exceptions.rb:33:in `call'
railties (5.2.4.1) lib/rails/rack/logger.rb:38:in `call_app'
railties (5.2.4.1) lib/rails/rack/logger.rb:26:in `block in call'
activesupport (5.2.4.1) lib/active_support/tagged_logging.rb:71:in `block in tagged'
activesupport (5.2.4.1) lib/active_support/tagged_logging.rb:28:in `tagged'
activesupport (5.2.4.1) lib/active_support/tagged_logging.rb:71:in `tagged'
railties (5.2.4.1) lib/rails/rack/logger.rb:26:in `call'
sprockets-rails (3.2.1) lib/sprockets/rails/quiet_assets.rb:13:in `call'
actionpack (5.2.4.1) lib/action_dispatch/middleware/remote_ip.rb:81:in `call'
actionpack (5.2.4.1) lib/action_dispatch/middleware/request_id.rb:27:in `call'
rack (2.0.8) lib/rack/method_override.rb:22:in `call'
rack (2.0.8) lib/rack/runtime.rb:22:in `call'
activesupport (5.2.4.1) lib/active_support/cache/strategy/local_cache_middleware.rb:29:in `call'
actionpack (5.2.4.1) lib/action_dispatch/middleware/executor.rb:14:in `call'
actionpack (5.2.4.1) lib/action_dispatch/middleware/static.rb:127:in `call'
rack (2.0.8) lib/rack/sendfile.rb:111:in `call'
railties (5.2.4.1) lib/rails/engine.rb:524:in `call'
puma (3.12.2) lib/puma/configuration.rb:227:in `call'
puma (3.12.2) lib/puma/server.rb:674:in `handle_request'
puma (3.12.2) lib/puma/server.rb:476:in `process_client'
puma (3.12.2) lib/puma/server.rb:334:in `block in run'
puma (3.12.2) lib/puma/thread_pool.rb:135:in `block in spawn_thread'
Started GET "/" for ::1 at 2019-12-27 13:05:54 +0200
Processing by WelcomeController#index as HTML
  Rendering welcome/index.html.erb within layouts/application
  Rendered welcome/index.html.erb within layouts/application (0.4ms)
Completed 200 OK in 364ms (Views: 362.2ms | ActiveRecord: 0.0ms)


Started GET "/" for ::1 at 2019-12-27 13:14:38 +0200
Processing by WelcomeController#index as HTML
  Rendering welcome/index.html.erb within layouts/application
  Rendered welcome/index.html.erb within layouts/application (0.7ms)
Completed 200 OK in 278ms (Views: 272.0ms | ActiveRecord: 0.0ms)


Started GET "/" for ::1 at 2019-12-27 14:26:48 +0200
Processing by WelcomeController#index as HTML
  Rendering welcome/index.html.erb within layouts/application
  Rendered welcome/index.html.erb within layouts/application (0.5ms)
Completed 200 OK in 40ms (Views: 39.0ms | ActiveRecord: 0.0ms)


Started GET "/" for ::1 at 2019-12-27 15:57:31 +0200
Processing by WelcomeController#index as HTML
  Rendering welcome/index.html.erb within layouts/application
  Rendered welcome/index.html.erb within layouts/application (1.1ms)
Completed 200 OK in 269ms (Views: 261.9ms | ActiveRecord: 0.0ms)


  [1m[35m (0.3ms)[0m  [1m[34mSELECT sqlite_version(*)[0m
  ↳ bin/rails:9
  [1m[35m (6.1ms)[0m  [1m[35mCREATE TABLE "schema_migrations" ("version" varchar NOT NULL PRIMARY KEY)[0m
  ↳ bin/rails:9
  [1m[35m (1.2ms)[0m  [1m[35mCREATE TABLE "ar_internal_metadata" ("key" varchar NOT NULL PRIMARY KEY, "value" varchar, "created_at" datetime NOT NULL, "updated_at" datetime NOT NULL)[0m
  ↳ bin/rails:9
  [1m[35m (0.4ms)[0m  [1m[34mSELECT "schema_migrations"."version" FROM "schema_migrations" ORDER BY "schema_migrations"."version" ASC[0m
  ↳ bin/rails:9
Migrating to DeviseCreateUsers (20191227142927)
  [1m[35m (0.1ms)[0m  [1m[36mbegin transaction[0m
  ↳ bin/rails:9
  [1m[35m (0.5ms)[0m  [1m[35mCREATE TABLE "users" ("id" integer PRIMARY KEY AUTOINCREMENT NOT NULL, "email" varchar DEFAULT '' NOT NULL, "encrypted_password" varchar DEFAULT '' NOT NULL, "reset_password_token" varchar, "reset_password_sent_at" datetime, "remember_created_at" datetime, "created_at" datetime NOT NULL, "updated_at" datetime NOT NULL)[0m
  ↳ db/migrate/20191227142927_devise_create_users.rb:5
  [1m[35m (0.1ms)[0m  [1m[35mCREATE UNIQUE INDEX "index_users_on_email" ON "users" ("email")[0m
  ↳ db/migrate/20191227142927_devise_create_users.rb:17
  [1m[35m (0.1ms)[0m  [1m[35mCREATE UNIQUE INDEX "index_users_on_reset_password_token" ON "users" ("reset_password_token")[0m
  ↳ db/migrate/20191227142927_devise_create_users.rb:18
  [1m[36mActiveRecord::SchemaMigration Create (0.2ms)[0m  [1m[32mINSERT INTO "schema_migrations" ("version") VALUES (?)[0m  [["version", "20191227142927"]]
  ↳ bin/rails:9
  [1m[35m (1.1ms)[0m  [1m[36mcommit transaction[0m
  ↳ bin/rails:9
  [1m[36mActiveRecord::InternalMetadata Load (0.3ms)[0m  [1m[34mSELECT  "ar_internal_metadata".* FROM "ar_internal_metadata" WHERE "ar_internal_metadata"."key" = ? LIMIT ?[0m  [["key", "environment"], ["LIMIT", 1]]
  ↳ bin/rails:9
  [1m[35m (0.1ms)[0m  [1m[36mbegin transaction[0m
  ↳ bin/rails:9
  [1m[36mActiveRecord::InternalMetadata Create (0.4ms)[0m  [1m[32mINSERT INTO "ar_internal_metadata" ("key", "value", "created_at", "updated_at") VALUES (?, ?, ?, ?)[0m  [["key", "environment"], ["value", "development"], ["created_at", "2019-12-27 14:33:01.013666"], ["updated_at", "2019-12-27 14:33:01.013666"]]
  ↳ bin/rails:9
  [1m[35m (1.0ms)[0m  [1m[36mcommit transaction[0m
  ↳ bin/rails:9
  [1m[35m (0.1ms)[0m  [1m[34mSELECT "schema_migrations"."version" FROM "schema_migrations" ORDER BY "schema_migrations"."version" ASC[0m
  ↳ bin/rails:9
Started GET "/" for ::1 at 2019-12-27 16:34:15 +0200
  
NoMethodError (undefined method `devise_for' for #<ActionDispatch::Routing::Mapper:0x00007fd394d63098>):
  
config/routes.rb:2:in `block in <main>'
config/routes.rb:1:in `<main>'
Started GET "/" for ::1 at 2019-12-27 16:38:27 +0200
  [1m[35m (0.3ms)[0m  [1m[34mSELECT "schema_migrations"."version" FROM "schema_migrations" ORDER BY "schema_migrations"."version" ASC[0m
  ↳ /Users/nickhar/.rbenv/versions/2.6.4/lib/ruby/gems/2.6.0/gems/activerecord-5.2.4.1/lib/active_record/log_subscriber.rb:98
Processing by WelcomeController#index as HTML
Completed 401 Unauthorized in 15ms (ActiveRecord: 0.0ms)


Started GET "/users/sign_in" for ::1 at 2019-12-27 16:38:27 +0200
Processing by Devise::SessionsController#new as HTML
  Rendering /Users/nickhar/.rbenv/versions/2.6.4/lib/ruby/gems/2.6.0/gems/devise-4.7.1/app/views/devise/sessions/new.html.erb within layouts/application
  Rendered /Users/nickhar/.rbenv/versions/2.6.4/lib/ruby/gems/2.6.0/gems/devise-4.7.1/app/views/devise/shared/_links.html.erb (2.8ms)
  Rendered /Users/nickhar/.rbenv/versions/2.6.4/lib/ruby/gems/2.6.0/gems/devise-4.7.1/app/views/devise/sessions/new.html.erb within layouts/application (38.3ms)
Completed 200 OK in 458ms (Views: 432.8ms | ActiveRecord: 1.0ms)


Started POST "/users/sign_in" for ::1 at 2019-12-27 16:39:05 +0200
Processing by Devise::SessionsController#create as HTML
  Parameters: {"utf8"=>"✓", "authenticity_token"=>"KVuZzRD9eGKQcvUG8C8p+Qwtk4c5S4yD8tHQjbN2OUdt0qE9fQntYCKU/Lgjkio7djHNmoI2wexhfFAl0LtHKg==", "user"=>{"email"=>"nick@macexperts.gr", "password"=>"[FILTERED]", "remember_me"=>"0"}, "commit"=>"Log in"}
  [1m[36mUser Load (0.3ms)[0m  [1m[34mSELECT  "users".* FROM "users" WHERE "users"."email" = ? ORDER BY "users"."id" ASC LIMIT ?[0m  [["email", "nick@macexperts.gr"], ["LIMIT", 1]]
  ↳ /Users/nickhar/.rbenv/versions/2.6.4/lib/ruby/gems/2.6.0/gems/activerecord-5.2.4.1/lib/active_record/log_subscriber.rb:98
Completed 401 Unauthorized in 30ms (ActiveRecord: 0.3ms)


Processing by Devise::SessionsController#new as HTML
  Parameters: {"utf8"=>"✓", "authenticity_token"=>"KVuZzRD9eGKQcvUG8C8p+Qwtk4c5S4yD8tHQjbN2OUdt0qE9fQntYCKU/Lgjkio7djHNmoI2wexhfFAl0LtHKg==", "user"=>{"email"=>"nick@macexperts.gr", "password"=>"[FILTERED]", "remember_me"=>"0"}, "commit"=>"Log in"}
  Rendering /Users/nickhar/.rbenv/versions/2.6.4/lib/ruby/gems/2.6.0/gems/devise-4.7.1/app/views/devise/sessions/new.html.erb within layouts/application
  Rendered /Users/nickhar/.rbenv/versions/2.6.4/lib/ruby/gems/2.6.0/gems/devise-4.7.1/app/views/devise/shared/_links.html.erb (1.0ms)
  Rendered /Users/nickhar/.rbenv/versions/2.6.4/lib/ruby/gems/2.6.0/gems/devise-4.7.1/app/views/devise/sessions/new.html.erb within layouts/application (5.0ms)
Completed 200 OK in 286ms (Views: 60.3ms | ActiveRecord: 0.0ms)


Started GET "/users/sign_up" for ::1 at 2019-12-27 16:39:09 +0200
Processing by Devise::RegistrationsController#new as HTML
  Rendering /Users/nickhar/.rbenv/versions/2.6.4/lib/ruby/gems/2.6.0/gems/devise-4.7.1/app/views/devise/registrations/new.html.erb within layouts/application
  Rendered /Users/nickhar/.rbenv/versions/2.6.4/lib/ruby/gems/2.6.0/gems/devise-4.7.1/app/views/devise/shared/_error_messages.html.erb (0.7ms)
  Rendered /Users/nickhar/.rbenv/versions/2.6.4/lib/ruby/gems/2.6.0/gems/devise-4.7.1/app/views/devise/shared/_links.html.erb (1.7ms)
  Rendered /Users/nickhar/.rbenv/versions/2.6.4/lib/ruby/gems/2.6.0/gems/devise-4.7.1/app/views/devise/registrations/new.html.erb within layouts/application (9.7ms)
Completed 200 OK in 35ms (Views: 33.8ms | ActiveRecord: 0.0ms)


Started POST "/users" for ::1 at 2019-12-27 16:39:18 +0200
Processing by Devise::RegistrationsController#create as HTML
  Parameters: {"utf8"=>"✓", "authenticity_token"=>"6X6qFfD7h+pfAVbpWfnmam5ujSR5rIwVGFaJ4GMS7JyB2wXv0+wSvwnxtfBgrKgE1Kl+C2yqCCtaMB5IPPy9jA==", "user"=>{"email"=>"nick@test.com", "password"=>"[FILTERED]", "password_confirmation"=>"[FILTERED]"}, "commit"=>"Sign up"}
  [1m[35m (0.1ms)[0m  [1m[36mbegin transaction[0m
  ↳ /Users/nickhar/.rbenv/versions/2.6.4/lib/ruby/gems/2.6.0/gems/activerecord-5.2.4.1/lib/active_record/log_subscriber.rb:98
  [1m[36mUser Exists (0.2ms)[0m  [1m[34mSELECT  1 AS one FROM "users" WHERE "users"."email" = ? LIMIT ?[0m  [["email", "nick@test.com"], ["LIMIT", 1]]
  ↳ /Users/nickhar/.rbenv/versions/2.6.4/lib/ruby/gems/2.6.0/gems/activerecord-5.2.4.1/lib/active_record/log_subscriber.rb:98
  [1m[35m (0.1ms)[0m  [1m[31mrollback transaction[0m
  ↳ /Users/nickhar/.rbenv/versions/2.6.4/lib/ruby/gems/2.6.0/gems/activerecord-5.2.4.1/lib/active_record/log_subscriber.rb:98
  Rendering /Users/nickhar/.rbenv/versions/2.6.4/lib/ruby/gems/2.6.0/gems/devise-4.7.1/app/views/devise/registrations/new.html.erb within layouts/application
  Rendered /Users/nickhar/.rbenv/versions/2.6.4/lib/ruby/gems/2.6.0/gems/devise-4.7.1/app/views/devise/shared/_error_messages.html.erb (1.1ms)
  Rendered /Users/nickhar/.rbenv/versions/2.6.4/lib/ruby/gems/2.6.0/gems/devise-4.7.1/app/views/devise/shared/_links.html.erb (1.2ms)
  Rendered /Users/nickhar/.rbenv/versions/2.6.4/lib/ruby/gems/2.6.0/gems/devise-4.7.1/app/views/devise/registrations/new.html.erb within layouts/application (6.8ms)
Completed 200 OK in 50ms (Views: 27.8ms | ActiveRecord: 0.4ms)


Started POST "/users" for ::1 at 2019-12-27 16:39:34 +0200
Processing by Devise::RegistrationsController#create as HTML
  Parameters: {"utf8"=>"✓", "authenticity_token"=>"CUkfd0Pm0qC/xAIvI6V4xfsHw33XR3qF6N7ZOmq70pFNwCeHLhJHog0iC5HwGHsHgRudYGw6N+p7c1mSCXas/A==", "user"=>{"email"=>"nick@test.com", "password"=>"[FILTERED]", "password_confirmation"=>"[FILTERED]"}, "commit"=>"Sign up"}
  [1m[35m (0.1ms)[0m  [1m[36mbegin transaction[0m
  ↳ /Users/nickhar/.rbenv/versions/2.6.4/lib/ruby/gems/2.6.0/gems/activerecord-5.2.4.1/lib/active_record/log_subscriber.rb:98
  [1m[36mUser Exists (0.2ms)[0m  [1m[34mSELECT  1 AS one FROM "users" WHERE "users"."email" = ? LIMIT ?[0m  [["email", "nick@test.com"], ["LIMIT", 1]]
  ↳ /Users/nickhar/.rbenv/versions/2.6.4/lib/ruby/gems/2.6.0/gems/activerecord-5.2.4.1/lib/active_record/log_subscriber.rb:98
  [1m[36mUser Create (0.6ms)[0m  [1m[32mINSERT INTO "users" ("email", "encrypted_password", "created_at", "updated_at") VALUES (?, ?, ?, ?)[0m  [["email", "nick@test.com"], ["encrypted_password", "$2a$11$.osLLOSgKDdv.TyfSZYgN.cprRUSDYuiKJAotANSHwou/.JVxuYFO"], ["created_at", "2019-12-27 14:39:35.147934"], ["updated_at", "2019-12-27 14:39:35.147934"]]
  ↳ /Users/nickhar/.rbenv/versions/2.6.4/lib/ruby/gems/2.6.0/gems/activerecord-5.2.4.1/lib/active_record/log_subscriber.rb:98
  [1m[35m (0.9ms)[0m  [1m[36mcommit transaction[0m
  ↳ /Users/nickhar/.rbenv/versions/2.6.4/lib/ruby/gems/2.6.0/gems/activerecord-5.2.4.1/lib/active_record/log_subscriber.rb:98
Redirected to http://localhost:3000/
Completed 302 Found in 168ms (ActiveRecord: 1.8ms)


Started GET "/" for ::1 at 2019-12-27 16:39:35 +0200
Processing by WelcomeController#index as HTML
  [1m[36mUser Load (0.2ms)[0m  [1m[34mSELECT  "users".* FROM "users" WHERE "users"."id" = ? ORDER BY "users"."id" ASC LIMIT ?[0m  [["id", 1], ["LIMIT", 1]]
  ↳ /Users/nickhar/.rbenv/versions/2.6.4/lib/ruby/gems/2.6.0/gems/activerecord-5.2.4.1/lib/active_record/log_subscriber.rb:98
  Rendering welcome/index.html.erb within layouts/application
  Rendered welcome/index.html.erb within layouts/application (0.6ms)
Completed 200 OK in 83ms (Views: 16.3ms | ActiveRecord: 0.2ms)


Started DELETE "/users/sign_out" for ::1 at 2019-12-27 16:39:51 +0200
Processing by Devise::SessionsController#destroy as HTML
  Parameters: {"authenticity_token"=>"2dOHx2qAXmPz8L7mc9iR7MBdHQIqVPXPmMmqQ0cUpk6dWr83B3TLYUEWt1igZZIuukFDH5EpuKALZCrrJNnYIw=="}
  [1m[36mUser Load (5.1ms)[0m  [1m[34mSELECT  "users".* FROM "users" WHERE "users"."id" = ? ORDER BY "users"."id" ASC LIMIT ?[0m  [["id", 1], ["LIMIT", 1]]
  ↳ /Users/nickhar/.rbenv/versions/2.6.4/lib/ruby/gems/2.6.0/gems/activerecord-5.2.4.1/lib/active_record/log_subscriber.rb:98
  [1m[35m (0.1ms)[0m  [1m[36mbegin transaction[0m
  ↳ /Users/nickhar/.rbenv/versions/2.6.4/lib/ruby/gems/2.6.0/gems/activerecord-5.2.4.1/lib/active_record/log_subscriber.rb:98
  [1m[35m (0.0ms)[0m  [1m[36mcommit transaction[0m
  ↳ /Users/nickhar/.rbenv/versions/2.6.4/lib/ruby/gems/2.6.0/gems/activerecord-5.2.4.1/lib/active_record/log_subscriber.rb:98
Redirected to http://localhost:3000/
Completed 302 Found in 68ms (ActiveRecord: 5.2ms)


Started GET "/" for ::1 at 2019-12-27 16:39:51 +0200
Processing by WelcomeController#index as HTML
Completed 401 Unauthorized in 1ms (ActiveRecord: 0.0ms)


Started GET "/users/sign_in" for ::1 at 2019-12-27 16:39:51 +0200
Processing by Devise::SessionsController#new as HTML
  Rendering /Users/nickhar/.rbenv/versions/2.6.4/lib/ruby/gems/2.6.0/gems/devise-4.7.1/app/views/devise/sessions/new.html.erb within layouts/application
  Rendered /Users/nickhar/.rbenv/versions/2.6.4/lib/ruby/gems/2.6.0/gems/devise-4.7.1/app/views/devise/shared/_links.html.erb (1.2ms)
  Rendered /Users/nickhar/.rbenv/versions/2.6.4/lib/ruby/gems/2.6.0/gems/devise-4.7.1/app/views/devise/sessions/new.html.erb within layouts/application (4.8ms)
Completed 200 OK in 28ms (Views: 27.1ms | ActiveRecord: 0.0ms)


Started POST "/users/sign_in" for ::1 at 2019-12-27 16:39:59 +0200
Processing by Devise::SessionsController#create as HTML
  Parameters: {"utf8"=>"✓", "authenticity_token"=>"FM0jCL83pTZqDPqVEUc8UItGXc20IRax5HIUDcp9GKBie8CXLa/yoZq8oC5eajXSUXiHuAweEZ1frXbsZLYbTQ==", "user"=>{"email"=>"nick@test.com", "password"=>"[FILTERED]", "remember_me"=>"0"}, "commit"=>"Log in"}
  [1m[36mUser Load (0.2ms)[0m  [1m[34mSELECT  "users".* FROM "users" WHERE "users"."email" = ? ORDER BY "users"."id" ASC LIMIT ?[0m  [["email", "nick@test.com"], ["LIMIT", 1]]
  ↳ /Users/nickhar/.rbenv/versions/2.6.4/lib/ruby/gems/2.6.0/gems/activerecord-5.2.4.1/lib/active_record/log_subscriber.rb:98
Redirected to http://localhost:3000/
Completed 302 Found in 196ms (ActiveRecord: 0.2ms)


Started GET "/" for ::1 at 2019-12-27 16:39:59 +0200
Processing by WelcomeController#index as HTML
  [1m[36mUser Load (0.1ms)[0m  [1m[34mSELECT  "users".* FROM "users" WHERE "users"."id" = ? ORDER BY "users"."id" ASC LIMIT ?[0m  [["id", 1], ["LIMIT", 1]]
  ↳ /Users/nickhar/.rbenv/versions/2.6.4/lib/ruby/gems/2.6.0/gems/activerecord-5.2.4.1/lib/active_record/log_subscriber.rb:98
  Rendering welcome/index.html.erb within layouts/application
  Rendered welcome/index.html.erb within layouts/application (0.6ms)
Completed 200 OK in 19ms (Views: 17.5ms | ActiveRecord: 0.1ms)


Started GET "/" for ::1 at 2019-12-27 17:37:21 +0200
  [1m[35m (0.2ms)[0m  [1m[34mSELECT "schema_migrations"."version" FROM "schema_migrations" ORDER BY "schema_migrations"."version" ASC[0m
  ↳ /Users/nickhar/.rbenv/versions/2.6.4/lib/ruby/gems/2.6.0/gems/activerecord-5.2.4.1/lib/active_record/log_subscriber.rb:98
Processing by WelcomeController#index as HTML
  [1m[36mUser Load (0.2ms)[0m  [1m[34mSELECT  "users".* FROM "users" WHERE "users"."id" = ? ORDER BY "users"."id" ASC LIMIT ?[0m  [["id", 1], ["LIMIT", 1]]
  ↳ /Users/nickhar/.rbenv/versions/2.6.4/lib/ruby/gems/2.6.0/gems/activerecord-5.2.4.1/lib/active_record/log_subscriber.rb:98
  Rendering welcome/index.html.erb within layouts/application
  Rendered welcome/index.html.erb within layouts/application (1.6ms)
Completed 500 Internal Server Error in 1574ms (ActiveRecord: 1.0ms)


  
ActionView::Template::Error (The asset "apple-touch-icon-144x144-precomposed.png" is not present in the asset pipeline.):
    11: 
    12:     <!-- For third-generation iPad with high-resolution Retina display: -->
    13:     <!-- Size should be 144 x 144 pixels -->
    14:     <%= favicon_link_tag 'apple-touch-icon-144x144-precomposed.png', :rel => 'apple-touch-icon-precomposed', :type => 'image/png', :sizes => '144x144' %>
    15: 
    16:     <!-- For iPhone with high-resolution Retina display: -->
    17:     <!-- Size should be 114 x 114 pixels -->
  
app/views/layouts/application.html.erb:14:in `_app_views_layouts_application_html_erb__1653715963206025737_70293658981820'
Started GET "/" for ::1 at 2019-12-27 18:42:57 +0200
  [1m[35m (0.2ms)[0m  [1m[34mSELECT "schema_migrations"."version" FROM "schema_migrations" ORDER BY "schema_migrations"."version" ASC[0m
  ↳ /Users/nickhar/.rbenv/versions/2.6.4/lib/ruby/gems/2.6.0/gems/activerecord-5.2.4.1/lib/active_record/log_subscriber.rb:98
Processing by WelcomeController#index as HTML
  [1m[36mUser Load (0.2ms)[0m  [1m[34mSELECT  "users".* FROM "users" WHERE "users"."id" = ? ORDER BY "users"."id" ASC LIMIT ?[0m  [["id", 1], ["LIMIT", 1]]
  ↳ /Users/nickhar/.rbenv/versions/2.6.4/lib/ruby/gems/2.6.0/gems/activerecord-5.2.4.1/lib/active_record/log_subscriber.rb:98
  Rendering welcome/index.html.erb within layouts/application
  Rendered welcome/index.html.erb within layouts/application (1.7ms)
Completed 500 Internal Server Error in 499ms (ActiveRecord: 1.1ms)


  
ActionView::Template::Error (couldn't find file 'devise_bootstrap_views' with type 'text/css'
Checked in these paths: 
  /Users/nickhar/Projects/finance-tracker/app/assets/config
  /Users/nickhar/Projects/finance-tracker/app/assets/images
  /Users/nickhar/Projects/finance-tracker/app/assets/javascripts
  /Users/nickhar/Projects/finance-tracker/app/assets/stylesheets
  /Users/nickhar/.rbenv/versions/2.6.4/lib/ruby/gems/2.6.0/gems/twitter-bootstrap-rails-4.0.0/app/assets/fonts
  /Users/nickhar/.rbenv/versions/2.6.4/lib/ruby/gems/2.6.0/gems/twitter-bootstrap-rails-4.0.0/app/assets/javascripts
  /Users/nickhar/.rbenv/versions/2.6.4/lib/ruby/gems/2.6.0/gems/twitter-bootstrap-rails-4.0.0/app/assets/stylesheets
  /Users/nickhar/.rbenv/versions/2.6.4/lib/ruby/gems/2.6.0/gems/twitter-bootstrap-rails-4.0.0/vendor/assets/stylesheets
  /Users/nickhar/.rbenv/versions/2.6.4/lib/ruby/gems/2.6.0/gems/jquery-rails-4.3.5/vendor/assets/javascripts
  /Users/nickhar/.rbenv/versions/2.6.4/lib/ruby/gems/2.6.0/gems/coffee-rails-4.2.2/lib/assets/javascripts
  /Users/nickhar/.rbenv/versions/2.6.4/lib/ruby/gems/2.6.0/gems/actioncable-5.2.4.1/lib/assets/compiled
  /Users/nickhar/.rbenv/versions/2.6.4/lib/ruby/gems/2.6.0/gems/activestorage-5.2.4.1/app/assets/javascripts
  /Users/nickhar/.rbenv/versions/2.6.4/lib/ruby/gems/2.6.0/gems/actionview-5.2.4.1/lib/assets/compiled
  /Users/nickhar/.rbenv/versions/2.6.4/lib/ruby/gems/2.6.0/gems/turbolinks-source-5.2.0/lib/assets/javascripts
  /Users/nickhar/Projects/finance-tracker/node_modules):
     7:     <title><%= content_for?(:title) ? yield(:title) : "FinanceTracker" %></title>
     8:     <%= csrf_meta_tags %>
     9: 
    10:     <%= stylesheet_link_tag "application", :media => "all" %>
    11: 
    12:     <!-- For third-generation iPad with high-resolution Retina display: -->
    13:     <!-- Size should be 144 x 144 pixels -->
  
app/assets/stylesheets/application.css:13
app/views/layouts/application.html.erb:10:in `_app_views_layouts_application_html_erb__710237176379551997_70124620866680'
Started GET "/" for ::1 at 2019-12-27 18:44:32 +0200
Processing by WelcomeController#index as HTML
  [1m[36mUser Load (0.1ms)[0m  [1m[34mSELECT  "users".* FROM "users" WHERE "users"."id" = ? ORDER BY "users"."id" ASC LIMIT ?[0m  [["id", 1], ["LIMIT", 1]]
  ↳ /Users/nickhar/.rbenv/versions/2.6.4/lib/ruby/gems/2.6.0/gems/activerecord-5.2.4.1/lib/active_record/log_subscriber.rb:98
  Rendering welcome/index.html.erb within layouts/application
  Rendered welcome/index.html.erb within layouts/application (0.6ms)
Completed 500 Internal Server Error in 663ms (ActiveRecord: 0.1ms)


  
ActionView::Template::Error (The asset "apple-touch-icon-144x144-precomposed.png" is not present in the asset pipeline.):
    11: 
    12:     <!-- For third-generation iPad with high-resolution Retina display: -->
    13:     <!-- Size should be 144 x 144 pixels -->
    14:     <%= favicon_link_tag 'apple-touch-icon-144x144-precomposed.png', :rel => 'apple-touch-icon-precomposed', :type => 'image/png', :sizes => '144x144' %>
    15: 
    16:     <!-- For iPhone with high-resolution Retina display: -->
    17:     <!-- Size should be 114 x 114 pixels -->
  
app/views/layouts/application.html.erb:14:in `_app_views_layouts_application_html_erb__710237176379551997_70124658001680'
Started GET "/" for ::1 at 2019-12-27 18:47:25 +0200
Processing by WelcomeController#index as HTML
  [1m[36mUser Load (0.2ms)[0m  [1m[34mSELECT  "users".* FROM "users" WHERE "users"."id" = ? ORDER BY "users"."id" ASC LIMIT ?[0m  [["id", 1], ["LIMIT", 1]]
  ↳ /Users/nickhar/.rbenv/versions/2.6.4/lib/ruby/gems/2.6.0/gems/activerecord-5.2.4.1/lib/active_record/log_subscriber.rb:98
  Rendering welcome/index.html.erb within layouts/application
  Rendered welcome/index.html.erb within layouts/application (0.6ms)
Completed 500 Internal Server Error in 81ms (ActiveRecord: 0.2ms)


  
ActionView::Template::Error (The asset "favicon.ico" is not present in the asset pipeline.):
    11: 
    12:     <!-- For all other devices -->
    13:     <!-- Size should be 32 x 32 pixels -->
    14:     <%= favicon_link_tag 'favicon.ico', :rel => 'shortcut icon' %>
    15: 
    16:     <%= javascript_include_tag "application" %>
    17: 
  
app/views/layouts/application.html.erb:14:in `_app_views_layouts_application_html_erb__710237176379551997_70124631374500'
Started GET "/" for ::1 at 2019-12-27 18:47:37 +0200
Processing by WelcomeController#index as HTML
  [1m[36mUser Load (0.1ms)[0m  [1m[34mSELECT  "users".* FROM "users" WHERE "users"."id" = ? ORDER BY "users"."id" ASC LIMIT ?[0m  [["id", 1], ["LIMIT", 1]]
  ↳ /Users/nickhar/.rbenv/versions/2.6.4/lib/ruby/gems/2.6.0/gems/activerecord-5.2.4.1/lib/active_record/log_subscriber.rb:98
  Rendering welcome/index.html.erb within layouts/application
  Rendered welcome/index.html.erb within layouts/application (0.7ms)
Completed 200 OK in 154ms (Views: 151.6ms | ActiveRecord: 0.1ms)


Started DELETE "/users/sign_out" for ::1 at 2019-12-27 18:48:01 +0200
Processing by Devise::SessionsController#destroy as HTML
  Parameters: {"authenticity_token"=>"grZuArDLMihsK54DFbAt2Rvy0pD9C+MFLGfrwMNb8zo22du+HVCmJVUeXL7QNOLpNyuMv5JTSeoUKOmUIKCQbw=="}
  [1m[36mUser Load (0.1ms)[0m  [1m[34mSELECT  "users".* FROM "users" WHERE "users"."id" = ? ORDER BY "users"."id" ASC LIMIT ?[0m  [["id", 1], ["LIMIT", 1]]
  ↳ /Users/nickhar/.rbenv/versions/2.6.4/lib/ruby/gems/2.6.0/gems/activerecord-5.2.4.1/lib/active_record/log_subscriber.rb:98
  [1m[35m (0.1ms)[0m  [1m[36mbegin transaction[0m
  ↳ /Users/nickhar/.rbenv/versions/2.6.4/lib/ruby/gems/2.6.0/gems/activerecord-5.2.4.1/lib/active_record/log_subscriber.rb:98
  [1m[35m (0.1ms)[0m  [1m[36mcommit transaction[0m
  ↳ /Users/nickhar/.rbenv/versions/2.6.4/lib/ruby/gems/2.6.0/gems/activerecord-5.2.4.1/lib/active_record/log_subscriber.rb:98
Redirected to http://localhost:3000/
Completed 302 Found in 147ms (ActiveRecord: 0.3ms)


Started GET "/" for ::1 at 2019-12-27 18:48:02 +0200
Processing by WelcomeController#index as HTML
Completed 401 Unauthorized in 3ms (ActiveRecord: 0.0ms)


Started GET "/users/sign_in" for ::1 at 2019-12-27 18:48:02 +0200
Processing by Devise::SessionsController#new as HTML
  Rendering devise/sessions/new.html.erb within layouts/application
  Rendered devise/shared/_links.html.erb (1.5ms)
  Rendered devise/sessions/new.html.erb within layouts/application (19.6ms)
Completed 200 OK in 159ms (Views: 155.8ms | ActiveRecord: 0.0ms)


Started GET "/users/sign_in" for ::1 at 2019-12-27 18:50:16 +0200
Processing by Devise::SessionsController#new as HTML
  Rendering devise/sessions/new.html.erb within layouts/application
  Rendered devise/shared/_links.html.erb (1.5ms)
  Rendered devise/sessions/new.html.erb within layouts/application (6.7ms)
Completed 200 OK in 902ms (Views: 901.0ms | ActiveRecord: 0.0ms)


Started POST "/users/sign_in" for ::1 at 2019-12-27 18:50:24 +0200
Processing by Devise::SessionsController#create as HTML
  Parameters: {"utf8"=>"✓", "authenticity_token"=>"Z0S3KUJ6mgL3UE0mFtZ1y1eygE07QPyguM7dv1kqMMheIq4QlXDdLsG/aC66E4egMyCuNEDWje5b8299e9uAIQ==", "user"=>{"email"=>"nick@test.com", "password"=>"[FILTERED]", "remember_me"=>"0"}, "commit"=>"Log in"}
  [1m[36mUser Load (0.3ms)[0m  [1m[34mSELECT  "users".* FROM "users" WHERE "users"."email" = ? ORDER BY "users"."id" ASC LIMIT ?[0m  [["email", "nick@test.com"], ["LIMIT", 1]]
  ↳ /Users/nickhar/.rbenv/versions/2.6.4/lib/ruby/gems/2.6.0/gems/activerecord-5.2.4.1/lib/active_record/log_subscriber.rb:98
Redirected to http://localhost:3000/
Completed 302 Found in 254ms (ActiveRecord: 0.3ms)


Started GET "/" for ::1 at 2019-12-27 18:50:25 +0200
Processing by WelcomeController#index as HTML
  [1m[36mUser Load (0.2ms)[0m  [1m[34mSELECT  "users".* FROM "users" WHERE "users"."id" = ? ORDER BY "users"."id" ASC LIMIT ?[0m  [["id", 1], ["LIMIT", 1]]
  ↳ /Users/nickhar/.rbenv/versions/2.6.4/lib/ruby/gems/2.6.0/gems/activerecord-5.2.4.1/lib/active_record/log_subscriber.rb:98
  Rendering welcome/index.html.erb within layouts/application
  Rendered welcome/index.html.erb within layouts/application (0.5ms)
Completed 200 OK in 202ms (Views: 188.2ms | ActiveRecord: 0.2ms)


Started DELETE "/users/sign_out" for ::1 at 2019-12-27 18:51:51 +0200
Processing by Devise::SessionsController#destroy as HTML
  Parameters: {"authenticity_token"=>"vatpugVfnP9RT+7Le0/hs/WmlS+q1J5jcVfXlP214sKRLUtoaMKST6WjcxoI1fb0XHiYrXZhSDZxA1lJO5P/WA=="}
  [1m[36mUser Load (0.2ms)[0m  [1m[34mSELECT  "users".* FROM "users" WHERE "users"."id" = ? ORDER BY "users"."id" ASC LIMIT ?[0m  [["id", 1], ["LIMIT", 1]]
  ↳ /Users/nickhar/.rbenv/versions/2.6.4/lib/ruby/gems/2.6.0/gems/activerecord-5.2.4.1/lib/active_record/log_subscriber.rb:98
  [1m[35m (0.1ms)[0m  [1m[36mbegin transaction[0m
  ↳ /Users/nickhar/.rbenv/versions/2.6.4/lib/ruby/gems/2.6.0/gems/activerecord-5.2.4.1/lib/active_record/log_subscriber.rb:98
  [1m[35m (0.1ms)[0m  [1m[36mcommit transaction[0m
  ↳ /Users/nickhar/.rbenv/versions/2.6.4/lib/ruby/gems/2.6.0/gems/activerecord-5.2.4.1/lib/active_record/log_subscriber.rb:98
Redirected to http://localhost:3000/
Completed 302 Found in 5ms (ActiveRecord: 0.3ms)


Started GET "/" for ::1 at 2019-12-27 18:51:51 +0200
Processing by WelcomeController#index as HTML
Completed 401 Unauthorized in 1ms (ActiveRecord: 0.0ms)


Started GET "/users/sign_in" for ::1 at 2019-12-27 18:51:51 +0200
Processing by Devise::SessionsController#new as HTML
  Rendering devise/sessions/new.html.erb within layouts/application
  Rendered devise/shared/_links.html.erb (1.3ms)
  Rendered devise/sessions/new.html.erb within layouts/application (5.3ms)
Completed 200 OK in 248ms (Views: 246.7ms | ActiveRecord: 0.0ms)


Started GET "/users/sign_up" for ::1 at 2019-12-27 18:51:53 +0200
Processing by Devise::RegistrationsController#new as HTML
  Rendering devise/registrations/new.html.erb within layouts/application
  Rendered devise/shared/_links.html.erb (1.4ms)
  Rendered devise/registrations/new.html.erb within layouts/application (5.2ms)
Completed 200 OK in 83ms (Views: 81.9ms | ActiveRecord: 0.0ms)


Started GET "/" for ::1 at 2019-12-27 20:09:25 +0200
  [1m[35m (7.8ms)[0m  [1m[34mSELECT "schema_migrations"."version" FROM "schema_migrations" ORDER BY "schema_migrations"."version" ASC[0m
  ↳ /Users/nickhar/.rbenv/versions/2.6.4/lib/ruby/gems/2.6.0/gems/activerecord-5.2.4.1/lib/active_record/log_subscriber.rb:98
Processing by WelcomeController#index as HTML
Completed 401 Unauthorized in 11ms (ActiveRecord: 0.0ms)


Started GET "/users/sign_in" for ::1 at 2019-12-27 20:09:27 +0200
Processing by Devise::SessionsController#new as HTML
  Rendering devise/sessions/new.html.erb within layouts/application
  Rendered devise/shared/_links.html.erb (1.7ms)
  Rendered devise/sessions/new.html.erb within layouts/application (26.3ms)
Completed 200 OK in 984ms (Views: 969.6ms | ActiveRecord: 0.8ms)


Started GET "/users/sign_in" for ::1 at 2019-12-27 20:11:34 +0200
Processing by Devise::SessionsController#new as HTML
  Rendering devise/sessions/new.html.erb within layouts/application
  Rendered devise/shared/_links.html.erb (1.4ms)
  Rendered devise/sessions/new.html.erb within layouts/application (17.1ms)
Completed 200 OK in 308ms (Views: 306.7ms | ActiveRecord: 0.0ms)


  [1m[35m (0.4ms)[0m  [1m[34mSELECT "schema_migrations"."version" FROM "schema_migrations" ORDER BY "schema_migrations"."version" ASC[0m
  ↳ bin/rails:9
Migrating to CreateStocks (20191227181415)
  [1m[35m (0.1ms)[0m  [1m[36mbegin transaction[0m
  ↳ bin/rails:9
  [1m[35m (0.1ms)[0m  [1m[34mSELECT sqlite_version(*)[0m
  ↳ db/migrate/20191227181415_create_stocks.rb:3
  [1m[35m (0.5ms)[0m  [1m[35mCREATE TABLE "stocks" ("id" integer PRIMARY KEY AUTOINCREMENT NOT NULL, "ticker" varchar, "name" varchar, "last_price" decimal, "created_at" datetime NOT NULL, "updated_at" datetime NOT NULL)[0m
  ↳ db/migrate/20191227181415_create_stocks.rb:3
  [1m[36mActiveRecord::SchemaMigration Create (0.5ms)[0m  [1m[32mINSERT INTO "schema_migrations" ("version") VALUES (?)[0m  [["version", "20191227181415"]]
  ↳ bin/rails:9
  [1m[35m (0.8ms)[0m  [1m[36mcommit transaction[0m
  ↳ bin/rails:9
  [1m[36mActiveRecord::InternalMetadata Load (23.8ms)[0m  [1m[34mSELECT  "ar_internal_metadata".* FROM "ar_internal_metadata" WHERE "ar_internal_metadata"."key" = ? LIMIT ?[0m  [["key", "environment"], ["LIMIT", 1]]
  ↳ bin/rails:9
  [1m[35m (0.1ms)[0m  [1m[36mbegin transaction[0m
  ↳ bin/rails:9
  [1m[35m (0.0ms)[0m  [1m[36mcommit transaction[0m
  ↳ bin/rails:9
  [1m[35m (0.1ms)[0m  [1m[34mSELECT "schema_migrations"."version" FROM "schema_migrations" ORDER BY "schema_migrations"."version" ASC[0m
  ↳ bin/rails:9
Started GET "/users/sign_in" for ::1 at 2019-12-28 13:05:02 +0200
  [1m[35m (14.2ms)[0m  [1m[34mSELECT "schema_migrations"."version" FROM "schema_migrations" ORDER BY "schema_migrations"."version" ASC[0m
  ↳ /Users/nickhar/.rbenv/versions/2.6.4/lib/ruby/gems/2.6.0/gems/activerecord-5.2.4.1/lib/active_record/log_subscriber.rb:98
Processing by Devise::SessionsController#new as HTML
  Rendering devise/sessions/new.html.erb within layouts/application
  Rendered devise/shared/_links.html.erb (1.3ms)
  Rendered devise/sessions/new.html.erb within layouts/application (74.0ms)
Completed 200 OK in 758ms (Views: 713.0ms | ActiveRecord: 1.6ms)


Started GET "/my_postfolio" for ::1 at 2019-12-28 13:05:17 +0200
  
ActionController::RoutingError (No route matches [GET] "/my_postfolio"):
  
actionpack (5.2.4.1) lib/action_dispatch/middleware/debug_exceptions.rb:65:in `call'
web-console (3.7.0) lib/web_console/middleware.rb:135:in `call_app'
web-console (3.7.0) lib/web_console/middleware.rb:30:in `block in call'
web-console (3.7.0) lib/web_console/middleware.rb:20:in `catch'
web-console (3.7.0) lib/web_console/middleware.rb:20:in `call'
actionpack (5.2.4.1) lib/action_dispatch/middleware/show_exceptions.rb:33:in `call'
railties (5.2.4.1) lib/rails/rack/logger.rb:38:in `call_app'
railties (5.2.4.1) lib/rails/rack/logger.rb:26:in `block in call'
activesupport (5.2.4.1) lib/active_support/tagged_logging.rb:71:in `block in tagged'
activesupport (5.2.4.1) lib/active_support/tagged_logging.rb:28:in `tagged'
activesupport (5.2.4.1) lib/active_support/tagged_logging.rb:71:in `tagged'
railties (5.2.4.1) lib/rails/rack/logger.rb:26:in `call'
sprockets-rails (3.2.1) lib/sprockets/rails/quiet_assets.rb:13:in `call'
actionpack (5.2.4.1) lib/action_dispatch/middleware/remote_ip.rb:81:in `call'
actionpack (5.2.4.1) lib/action_dispatch/middleware/request_id.rb:27:in `call'
rack (2.0.8) lib/rack/method_override.rb:22:in `call'
rack (2.0.8) lib/rack/runtime.rb:22:in `call'
activesupport (5.2.4.1) lib/active_support/cache/strategy/local_cache_middleware.rb:29:in `call'
actionpack (5.2.4.1) lib/action_dispatch/middleware/executor.rb:14:in `call'
actionpack (5.2.4.1) lib/action_dispatch/middleware/static.rb:127:in `call'
rack (2.0.8) lib/rack/sendfile.rb:111:in `call'
railties (5.2.4.1) lib/rails/engine.rb:524:in `call'
puma (3.12.2) lib/puma/configuration.rb:227:in `call'
puma (3.12.2) lib/puma/server.rb:674:in `handle_request'
puma (3.12.2) lib/puma/server.rb:476:in `process_client'
puma (3.12.2) lib/puma/server.rb:334:in `block in run'
puma (3.12.2) lib/puma/thread_pool.rb:135:in `block in spawn_thread'
Started GET "/my_portfolio" for ::1 at 2019-12-28 13:05:22 +0200
Processing by UsersController#my_portfolio as HTML
Completed 401 Unauthorized in 1ms (ActiveRecord: 0.0ms)


Started GET "/users/sign_in" for ::1 at 2019-12-28 13:05:23 +0200
Processing by Devise::SessionsController#new as HTML
  Rendering devise/sessions/new.html.erb within layouts/application
  Rendered devise/shared/_links.html.erb (1.2ms)
  Rendered devise/sessions/new.html.erb within layouts/application (5.0ms)
Completed 200 OK in 92ms (Views: 91.4ms | ActiveRecord: 0.0ms)


Started GET "/users/sign_up" for ::1 at 2019-12-28 13:05:29 +0200
Processing by Devise::RegistrationsController#new as HTML
  Rendering devise/registrations/new.html.erb within layouts/application
  Rendered devise/shared/_links.html.erb (1.4ms)
  Rendered devise/registrations/new.html.erb within layouts/application (5.9ms)
Completed 200 OK in 63ms (Views: 62.0ms | ActiveRecord: 0.0ms)


Started GET "/users/sign_in" for ::1 at 2019-12-28 13:05:34 +0200
Processing by Devise::SessionsController#new as HTML
  Rendering devise/sessions/new.html.erb within layouts/application
  Rendered devise/shared/_links.html.erb (1.7ms)
  Rendered devise/sessions/new.html.erb within layouts/application (5.4ms)
Completed 200 OK in 95ms (Views: 92.3ms | ActiveRecord: 0.0ms)


Started POST "/users/sign_in" for ::1 at 2019-12-28 13:05:38 +0200
Processing by Devise::SessionsController#create as HTML
  Parameters: {"utf8"=>"✓", "authenticity_token"=>"px3QaY3fWpGxmq6fx6qIONMqdNqowk7llW9RB9Vp4RXLKk373WWVEUboWTaw0gqFrzURWhNhRV6rIOZTROi37A==", "user"=>{"email"=>"nick@test.com", "password"=>"[FILTERED]", "remember_me"=>"0"}, "commit"=>"Log in"}
  [1m[36mUser Load (2.5ms)[0m  [1m[34mSELECT  "users".* FROM "users" WHERE "users"."email" = ? ORDER BY "users"."id" ASC LIMIT ?[0m  [["email", "nick@test.com"], ["LIMIT", 1]]
  ↳ /Users/nickhar/.rbenv/versions/2.6.4/lib/ruby/gems/2.6.0/gems/activerecord-5.2.4.1/lib/active_record/log_subscriber.rb:98
Redirected to http://localhost:3000/my_portfolio
Completed 302 Found in 211ms (ActiveRecord: 2.5ms)


Started GET "/my_portfolio" for ::1 at 2019-12-28 13:05:39 +0200
Processing by UsersController#my_portfolio as HTML
  [1m[36mUser Load (0.2ms)[0m  [1m[34mSELECT  "users".* FROM "users" WHERE "users"."id" = ? ORDER BY "users"."id" ASC LIMIT ?[0m  [["id", 1], ["LIMIT", 1]]
  ↳ /Users/nickhar/.rbenv/versions/2.6.4/lib/ruby/gems/2.6.0/gems/activerecord-5.2.4.1/lib/active_record/log_subscriber.rb:98
Completed 406 Not Acceptable in 20ms (ActiveRecord: 0.2ms)


  
ActionController::UnknownFormat (UsersController#my_portfolio is missing a template for this request format and variant.

request.formats: ["text/html"]
request.variant: []

NOTE! For XHR/Ajax or API requests, this action would normally respond with 204 No Content: an empty white screen. Since you're loading it in a web browser, we assume that you expected to actually render a template, not nothing, so we're showing an error to be extra-clear. If you expect 204 No Content, carry on. That's what you'll get from an XHR or API request. Give it a shot.):
  
actionpack (5.2.4.1) lib/action_controller/metal/implicit_render.rb:55:in `default_render'
actionpack (5.2.4.1) lib/action_controller/metal/basic_implicit_render.rb:6:in `block in send_action'
actionpack (5.2.4.1) lib/action_controller/metal/basic_implicit_render.rb:6:in `tap'
actionpack (5.2.4.1) lib/action_controller/metal/basic_implicit_render.rb:6:in `send_action'
actionpack (5.2.4.1) lib/abstract_controller/base.rb:194:in `process_action'
actionpack (5.2.4.1) lib/action_controller/metal/rendering.rb:30:in `process_action'
actionpack (5.2.4.1) lib/abstract_controller/callbacks.rb:42:in `block in process_action'
activesupport (5.2.4.1) lib/active_support/callbacks.rb:132:in `run_callbacks'
actionpack (5.2.4.1) lib/abstract_controller/callbacks.rb:41:in `process_action'
actionpack (5.2.4.1) lib/action_controller/metal/rescue.rb:22:in `process_action'
actionpack (5.2.4.1) lib/action_controller/metal/instrumentation.rb:34:in `block in process_action'
activesupport (5.2.4.1) lib/active_support/notifications.rb:168:in `block in instrument'
activesupport (5.2.4.1) lib/active_support/notifications/instrumenter.rb:23:in `instrument'
activesupport (5.2.4.1) lib/active_support/notifications.rb:168:in `instrument'
actionpack (5.2.4.1) lib/action_controller/metal/instrumentation.rb:32:in `process_action'
actionpack (5.2.4.1) lib/action_controller/metal/params_wrapper.rb:256:in `process_action'
activerecord (5.2.4.1) lib/active_record/railties/controller_runtime.rb:24:in `process_action'
actionpack (5.2.4.1) lib/abstract_controller/base.rb:134:in `process'
actionview (5.2.4.1) lib/action_view/rendering.rb:32:in `process'
actionpack (5.2.4.1) lib/action_controller/metal.rb:191:in `dispatch'
actionpack (5.2.4.1) lib/action_controller/metal.rb:252:in `dispatch'
actionpack (5.2.4.1) lib/action_dispatch/routing/route_set.rb:52:in `dispatch'
actionpack (5.2.4.1) lib/action_dispatch/routing/route_set.rb:34:in `serve'
actionpack (5.2.4.1) lib/action_dispatch/journey/router.rb:52:in `block in serve'
actionpack (5.2.4.1) lib/action_dispatch/journey/router.rb:35:in `each'
actionpack (5.2.4.1) lib/action_dispatch/journey/router.rb:35:in `serve'
actionpack (5.2.4.1) lib/action_dispatch/routing/route_set.rb:840:in `call'
warden (1.2.8) lib/warden/manager.rb:36:in `block in call'
warden (1.2.8) lib/warden/manager.rb:34:in `catch'
warden (1.2.8) lib/warden/manager.rb:34:in `call'
rack (2.0.8) lib/rack/tempfile_reaper.rb:15:in `call'
rack (2.0.8) lib/rack/etag.rb:25:in `call'
rack (2.0.8) lib/rack/conditional_get.rb:25:in `call'
rack (2.0.8) lib/rack/head.rb:12:in `call'
actionpack (5.2.4.1) lib/action_dispatch/http/content_security_policy.rb:18:in `call'
rack (2.0.8) lib/rack/session/abstract/id.rb:259:in `context'
rack (2.0.8) lib/rack/session/abstract/id.rb:253:in `call'
actionpack (5.2.4.1) lib/action_dispatch/middleware/cookies.rb:670:in `call'
activerecord (5.2.4.1) lib/active_record/migration.rb:559:in `call'
actionpack (5.2.4.1) lib/action_dispatch/middleware/callbacks.rb:28:in `block in call'
activesupport (5.2.4.1) lib/active_support/callbacks.rb:98:in `run_callbacks'
actionpack (5.2.4.1) lib/action_dispatch/middleware/callbacks.rb:26:in `call'
actionpack (5.2.4.1) lib/action_dispatch/middleware/executor.rb:14:in `call'
actionpack (5.2.4.1) lib/action_dispatch/middleware/debug_exceptions.rb:61:in `call'
web-console (3.7.0) lib/web_console/middleware.rb:135:in `call_app'
web-console (3.7.0) lib/web_console/middleware.rb:30:in `block in call'
web-console (3.7.0) lib/web_console/middleware.rb:20:in `catch'
web-console (3.7.0) lib/web_console/middleware.rb:20:in `call'
actionpack (5.2.4.1) lib/action_dispatch/middleware/show_exceptions.rb:33:in `call'
railties (5.2.4.1) lib/rails/rack/logger.rb:38:in `call_app'
railties (5.2.4.1) lib/rails/rack/logger.rb:26:in `block in call'
activesupport (5.2.4.1) lib/active_support/tagged_logging.rb:71:in `block in tagged'
activesupport (5.2.4.1) lib/active_support/tagged_logging.rb:28:in `tagged'
activesupport (5.2.4.1) lib/active_support/tagged_logging.rb:71:in `tagged'
railties (5.2.4.1) lib/rails/rack/logger.rb:26:in `call'
sprockets-rails (3.2.1) lib/sprockets/rails/quiet_assets.rb:13:in `call'
actionpack (5.2.4.1) lib/action_dispatch/middleware/remote_ip.rb:81:in `call'
actionpack (5.2.4.1) lib/action_dispatch/middleware/request_id.rb:27:in `call'
rack (2.0.8) lib/rack/method_override.rb:22:in `call'
rack (2.0.8) lib/rack/runtime.rb:22:in `call'
activesupport (5.2.4.1) lib/active_support/cache/strategy/local_cache_middleware.rb:29:in `call'
actionpack (5.2.4.1) lib/action_dispatch/middleware/executor.rb:14:in `call'
actionpack (5.2.4.1) lib/action_dispatch/middleware/static.rb:127:in `call'
rack (2.0.8) lib/rack/sendfile.rb:111:in `call'
railties (5.2.4.1) lib/rails/engine.rb:524:in `call'
puma (3.12.2) lib/puma/configuration.rb:227:in `call'
puma (3.12.2) lib/puma/server.rb:674:in `handle_request'
puma (3.12.2) lib/puma/server.rb:476:in `process_client'
puma (3.12.2) lib/puma/server.rb:334:in `block in run'
puma (3.12.2) lib/puma/thread_pool.rb:135:in `block in spawn_thread'
Started GET "/my_portfolio" for ::1 at 2019-12-28 13:06:33 +0200
Processing by UsersController#my_portfolio as HTML
  [1m[36mUser Load (0.2ms)[0m  [1m[34mSELECT  "users".* FROM "users" WHERE "users"."id" = ? ORDER BY "users"."id" ASC LIMIT ?[0m  [["id", 1], ["LIMIT", 1]]
  ↳ /Users/nickhar/.rbenv/versions/2.6.4/lib/ruby/gems/2.6.0/gems/activerecord-5.2.4.1/lib/active_record/log_subscriber.rb:98
  Rendering users/my_portfolio.html.erb within layouts/application
  Rendered users/my_portfolio.html.erb within layouts/application (0.3ms)
Completed 200 OK in 52ms (Views: 49.6ms | ActiveRecord: 0.2ms)


Started GET "/my_portfolio" for ::1 at 2019-12-28 20:49:57 +0200
  [1m[35m (0.2ms)[0m  [1m[34mSELECT "schema_migrations"."version" FROM "schema_migrations" ORDER BY "schema_migrations"."version" ASC[0m
  ↳ /Users/nickhar/.rbenv/versions/2.6.4/lib/ruby/gems/2.6.0/gems/activerecord-5.2.4.1/lib/active_record/log_subscriber.rb:98
Processing by UsersController#my_portfolio as HTML
  [1m[36mUser Load (0.3ms)[0m  [1m[34mSELECT  "users".* FROM "users" WHERE "users"."id" = ? ORDER BY "users"."id" ASC LIMIT ?[0m  [["id", 1], ["LIMIT", 1]]
  ↳ /Users/nickhar/.rbenv/versions/2.6.4/lib/ruby/gems/2.6.0/gems/activerecord-5.2.4.1/lib/active_record/log_subscriber.rb:98
  Rendering users/my_portfolio.html.erb within layouts/application
  Rendered users/my_portfolio.html.erb within layouts/application (6.4ms)
Completed 200 OK in 1124ms (Views: 1059.8ms | ActiveRecord: 0.9ms)


Started GET "/my_portfolio" for ::1 at 2019-12-28 20:50:01 +0200
Processing by UsersController#my_portfolio as HTML
  [1m[36mUser Load (0.2ms)[0m  [1m[34mSELECT  "users".* FROM "users" WHERE "users"."id" = ? ORDER BY "users"."id" ASC LIMIT ?[0m  [["id", 1], ["LIMIT", 1]]
  ↳ /Users/nickhar/.rbenv/versions/2.6.4/lib/ruby/gems/2.6.0/gems/activerecord-5.2.4.1/lib/active_record/log_subscriber.rb:98
  Rendering users/my_portfolio.html.erb within layouts/application
  Rendered users/my_portfolio.html.erb within layouts/application (0.7ms)
Completed 200 OK in 55ms (Views: 52.3ms | ActiveRecord: 0.2ms)


Started GET "/my_portfolio" for ::1 at 2019-12-28 20:50:27 +0200
Processing by UsersController#my_portfolio as HTML
  [1m[36mUser Load (0.7ms)[0m  [1m[34mSELECT  "users".* FROM "users" WHERE "users"."id" = ? ORDER BY "users"."id" ASC LIMIT ?[0m  [["id", 1], ["LIMIT", 1]]
  ↳ /Users/nickhar/.rbenv/versions/2.6.4/lib/ruby/gems/2.6.0/gems/activerecord-5.2.4.1/lib/active_record/log_subscriber.rb:98
  Rendering users/my_portfolio.html.erb within layouts/application
  Rendered users/my_portfolio.html.erb within layouts/application (0.8ms)
Completed 200 OK in 64ms (Views: 60.6ms | ActiveRecord: 0.7ms)


Started GET "/my_portfolio" for ::1 at 2019-12-28 20:52:59 +0200
Processing by UsersController#my_portfolio as HTML
  [1m[36mUser Load (0.2ms)[0m  [1m[34mSELECT  "users".* FROM "users" WHERE "users"."id" = ? ORDER BY "users"."id" ASC LIMIT ?[0m  [["id", 1], ["LIMIT", 1]]
  ↳ /Users/nickhar/.rbenv/versions/2.6.4/lib/ruby/gems/2.6.0/gems/activerecord-5.2.4.1/lib/active_record/log_subscriber.rb:98
  Rendering users/my_portfolio.html.erb within layouts/application
  Rendered users/my_portfolio.html.erb within layouts/application (0.7ms)
Completed 500 Internal Server Error in 31ms (ActiveRecord: 0.2ms)


  
SyntaxError (/Users/nickhar/Projects/finance-tracker/app/views/users/my_portfolio.html.erb:11: syntax error, unexpected '='
...utton_tag(type: :submit, class="btn btn-lg btn-success") do ...
...                              ^
/Users/nickhar/Projects/finance-tracker/app/views/users/my_portfolio.html.erb:11: syntax error, unexpected ')', expecting end
...class="btn btn-lg btn-success") do @output_buffer.safe_appen...
...                              ^
/Users/nickhar/Projects/finance-tracker/app/views/users/my_portfolio.html.erb:16: syntax error, unexpected end, expecting end-of-input
'.freeze;   end 
            ^~~):
  
app/views/users/my_portfolio.html.erb:11: syntax error, unexpected '='
app/views/users/my_portfolio.html.erb:11: syntax error, unexpected ')', expecting end
app/views/users/my_portfolio.html.erb:16: syntax error, unexpected end, expecting end-of-input
Started GET "/my_portfolio" for ::1 at 2019-12-28 20:53:26 +0200
Processing by UsersController#my_portfolio as HTML
  [1m[36mUser Load (0.2ms)[0m  [1m[34mSELECT  "users".* FROM "users" WHERE "users"."id" = ? ORDER BY "users"."id" ASC LIMIT ?[0m  [["id", 1], ["LIMIT", 1]]
  ↳ /Users/nickhar/.rbenv/versions/2.6.4/lib/ruby/gems/2.6.0/gems/activerecord-5.2.4.1/lib/active_record/log_subscriber.rb:98
  Rendering users/my_portfolio.html.erb within layouts/application
  Rendered users/my_portfolio.html.erb within layouts/application (0.9ms)
Completed 200 OK in 269ms (Views: 265.6ms | ActiveRecord: 0.2ms)


Started GET "/my_portfolio" for ::1 at 2019-12-28 20:53:57 +0200
Processing by UsersController#my_portfolio as HTML
  [1m[36mUser Load (0.1ms)[0m  [1m[34mSELECT  "users".* FROM "users" WHERE "users"."id" = ? ORDER BY "users"."id" ASC LIMIT ?[0m  [["id", 1], ["LIMIT", 1]]
  ↳ /Users/nickhar/.rbenv/versions/2.6.4/lib/ruby/gems/2.6.0/gems/activerecord-5.2.4.1/lib/active_record/log_subscriber.rb:98
  Rendering users/my_portfolio.html.erb within layouts/application
  Rendered users/my_portfolio.html.erb within layouts/application (0.7ms)
Completed 200 OK in 129ms (Views: 127.2ms | ActiveRecord: 0.1ms)


Started GET "/my_portfolio" for ::1 at 2019-12-28 20:54:57 +0200
Processing by UsersController#my_portfolio as HTML
  [1m[36mUser Load (0.2ms)[0m  [1m[34mSELECT  "users".* FROM "users" WHERE "users"."id" = ? ORDER BY "users"."id" ASC LIMIT ?[0m  [["id", 1], ["LIMIT", 1]]
  ↳ /Users/nickhar/.rbenv/versions/2.6.4/lib/ruby/gems/2.6.0/gems/activerecord-5.2.4.1/lib/active_record/log_subscriber.rb:98
  Rendering users/my_portfolio.html.erb within layouts/application
  Rendered users/my_portfolio.html.erb within layouts/application (0.9ms)
Completed 200 OK in 227ms (Views: 224.4ms | ActiveRecord: 0.2ms)


Started GET "/my_portfolio" for ::1 at 2019-12-28 20:55:18 +0200
Processing by UsersController#my_portfolio as HTML
  [1m[36mUser Load (0.2ms)[0m  [1m[34mSELECT  "users".* FROM "users" WHERE "users"."id" = ? ORDER BY "users"."id" ASC LIMIT ?[0m  [["id", 1], ["LIMIT", 1]]
  ↳ /Users/nickhar/.rbenv/versions/2.6.4/lib/ruby/gems/2.6.0/gems/activerecord-5.2.4.1/lib/active_record/log_subscriber.rb:98
  Rendering users/my_portfolio.html.erb within layouts/application
  Rendered users/my_portfolio.html.erb within layouts/application (0.9ms)
Completed 200 OK in 133ms (Views: 121.5ms | ActiveRecord: 0.2ms)


Started GET "/my_portfolio" for ::1 at 2019-12-28 20:57:02 +0200
Processing by UsersController#my_portfolio as HTML
  [1m[36mUser Load (0.1ms)[0m  [1m[34mSELECT  "users".* FROM "users" WHERE "users"."id" = ? ORDER BY "users"."id" ASC LIMIT ?[0m  [["id", 1], ["LIMIT", 1]]
  ↳ /Users/nickhar/.rbenv/versions/2.6.4/lib/ruby/gems/2.6.0/gems/activerecord-5.2.4.1/lib/active_record/log_subscriber.rb:98
  Rendering users/my_portfolio.html.erb within layouts/application
  Rendered users/my_portfolio.html.erb within layouts/application (0.8ms)
Completed 200 OK in 141ms (Views: 138.8ms | ActiveRecord: 0.1ms)


Started GET "/my_portfolio" for ::1 at 2019-12-28 20:57:59 +0200
Processing by UsersController#my_portfolio as HTML
  [1m[36mUser Load (0.1ms)[0m  [1m[34mSELECT  "users".* FROM "users" WHERE "users"."id" = ? ORDER BY "users"."id" ASC LIMIT ?[0m  [["id", 1], ["LIMIT", 1]]
  ↳ /Users/nickhar/.rbenv/versions/2.6.4/lib/ruby/gems/2.6.0/gems/activerecord-5.2.4.1/lib/active_record/log_subscriber.rb:98
  Rendering users/my_portfolio.html.erb within layouts/application
  Rendered users/my_portfolio.html.erb within layouts/application (1.0ms)
Completed 200 OK in 311ms (Views: 308.2ms | ActiveRecord: 0.1ms)


Started GET "/my_portfolio" for ::1 at 2019-12-28 20:58:56 +0200
Processing by UsersController#my_portfolio as HTML
  [1m[36mUser Load (0.1ms)[0m  [1m[34mSELECT  "users".* FROM "users" WHERE "users"."id" = ? ORDER BY "users"."id" ASC LIMIT ?[0m  [["id", 1], ["LIMIT", 1]]
  ↳ /Users/nickhar/.rbenv/versions/2.6.4/lib/ruby/gems/2.6.0/gems/activerecord-5.2.4.1/lib/active_record/log_subscriber.rb:98
  Rendering users/my_portfolio.html.erb within layouts/application
  Rendered users/my_portfolio.html.erb within layouts/application (0.8ms)
Completed 200 OK in 436ms (Views: 433.9ms | ActiveRecord: 0.1ms)


Started GET "/my_portfolio?utf8=%E2%9C%93&stock=APPL&button=" for ::1 at 2019-12-28 20:59:46 +0200
Processing by UsersController#my_portfolio as HTML
  Parameters: {"utf8"=>"✓", "stock"=>"APPL", "button"=>""}
  [1m[36mUser Load (0.3ms)[0m  [1m[34mSELECT  "users".* FROM "users" WHERE "users"."id" = ? ORDER BY "users"."id" ASC LIMIT ?[0m  [["id", 1], ["LIMIT", 1]]
  ↳ /Users/nickhar/.rbenv/versions/2.6.4/lib/ruby/gems/2.6.0/gems/activerecord-5.2.4.1/lib/active_record/log_subscriber.rb:98
  Rendering users/my_portfolio.html.erb within layouts/application
  Rendered users/my_portfolio.html.erb within layouts/application (1.0ms)
Completed 200 OK in 365ms (Views: 345.7ms | ActiveRecord: 0.3ms)


Started GET "/my_portfolio?utf8=%E2%9C%93&stock=APPL&button=" for ::1 at 2019-12-28 21:00:12 +0200
Processing by UsersController#my_portfolio as HTML
  Parameters: {"utf8"=>"✓", "stock"=>"APPL", "button"=>""}
  [1m[36mUser Load (0.2ms)[0m  [1m[34mSELECT  "users".* FROM "users" WHERE "users"."id" = ? ORDER BY "users"."id" ASC LIMIT ?[0m  [["id", 1], ["LIMIT", 1]]
  ↳ /Users/nickhar/.rbenv/versions/2.6.4/lib/ruby/gems/2.6.0/gems/activerecord-5.2.4.1/lib/active_record/log_subscriber.rb:98
  Rendering users/my_portfolio.html.erb within layouts/application
  Rendered users/my_portfolio.html.erb within layouts/application (1.2ms)
Completed 200 OK in 477ms (Views: 474.7ms | ActiveRecord: 0.2ms)


Started POST "/my_portfolio?utf8=%E2%9C%93&stock=APPL&button=" for ::1 at 2019-12-28 21:00:21 +0200
  
ActionController::RoutingError (No route matches [POST] "/my_portfolio"):
  
actionpack (5.2.4.1) lib/action_dispatch/middleware/debug_exceptions.rb:65:in `call'
web-console (3.7.0) lib/web_console/middleware.rb:135:in `call_app'
web-console (3.7.0) lib/web_console/middleware.rb:30:in `block in call'
web-console (3.7.0) lib/web_console/middleware.rb:20:in `catch'
web-console (3.7.0) lib/web_console/middleware.rb:20:in `call'
actionpack (5.2.4.1) lib/action_dispatch/middleware/show_exceptions.rb:33:in `call'
railties (5.2.4.1) lib/rails/rack/logger.rb:38:in `call_app'
railties (5.2.4.1) lib/rails/rack/logger.rb:26:in `block in call'
activesupport (5.2.4.1) lib/active_support/tagged_logging.rb:71:in `block in tagged'
activesupport (5.2.4.1) lib/active_support/tagged_logging.rb:28:in `tagged'
activesupport (5.2.4.1) lib/active_support/tagged_logging.rb:71:in `tagged'
railties (5.2.4.1) lib/rails/rack/logger.rb:26:in `call'
sprockets-rails (3.2.1) lib/sprockets/rails/quiet_assets.rb:13:in `call'
actionpack (5.2.4.1) lib/action_dispatch/middleware/remote_ip.rb:81:in `call'
actionpack (5.2.4.1) lib/action_dispatch/middleware/request_id.rb:27:in `call'
rack (2.0.8) lib/rack/method_override.rb:22:in `call'
rack (2.0.8) lib/rack/runtime.rb:22:in `call'
activesupport (5.2.4.1) lib/active_support/cache/strategy/local_cache_middleware.rb:29:in `call'
actionpack (5.2.4.1) lib/action_dispatch/middleware/executor.rb:14:in `call'
actionpack (5.2.4.1) lib/action_dispatch/middleware/static.rb:127:in `call'
rack (2.0.8) lib/rack/sendfile.rb:111:in `call'
railties (5.2.4.1) lib/rails/engine.rb:524:in `call'
puma (3.12.2) lib/puma/configuration.rb:227:in `call'
puma (3.12.2) lib/puma/server.rb:674:in `handle_request'
puma (3.12.2) lib/puma/server.rb:476:in `process_client'
puma (3.12.2) lib/puma/server.rb:334:in `block in run'
puma (3.12.2) lib/puma/thread_pool.rb:135:in `block in spawn_thread'
Started GET "/cable" for ::1 at 2019-12-30 11:26:07 +0200
  [1m[35m (0.5ms)[0m  [1m[34mSELECT "schema_migrations"."version" FROM "schema_migrations" ORDER BY "schema_migrations"."version" ASC[0m
  ↳ /Users/nickhar/.rbenv/versions/2.6.4/lib/ruby/gems/2.6.0/gems/activerecord-5.2.4.1/lib/active_record/log_subscriber.rb:98
Started GET "/cable/" [WebSocket] for ::1 at 2019-12-30 11:26:07 +0200
Successfully upgraded to WebSocket (REQUEST_METHOD: GET, HTTP_CONNECTION: Upgrade, HTTP_UPGRADE: websocket)
Subscription class not found: "ChatroomChannel"
Started GET "/" for ::1 at 2019-12-30 11:26:18 +0200
Processing by WelcomeController#index as HTML
  [1m[36mUser Load (7.3ms)[0m  [1m[34mSELECT  "users".* FROM "users" WHERE "users"."id" = ? ORDER BY "users"."id" ASC LIMIT ?[0m  [["id", 1], ["LIMIT", 1]]
  ↳ /Users/nickhar/.rbenv/versions/2.6.4/lib/ruby/gems/2.6.0/gems/activerecord-5.2.4.1/lib/active_record/log_subscriber.rb:98
  Rendering welcome/index.html.erb within layouts/application
  Rendered welcome/index.html.erb within layouts/application (10.3ms)
Completed 200 OK in 814ms (Views: 748.7ms | ActiveRecord: 8.0ms)


Finished "/cable/" [WebSocket] for ::1 at 2019-12-30 11:26:19 +0200
Started DELETE "/users/sign_out" for ::1 at 2019-12-30 11:26:22 +0200
Processing by Devise::SessionsController#destroy as HTML
  Parameters: {"authenticity_token"=>"7DkK/5rRJnISIT2qtDVwYnKeNQg/djU7WDmMEoFq6a9ymKt5CoWFf4LOwSRJL2uBnCW3mFHtbZHgRqqZjndn9Q=="}
  [1m[36mUser Load (0.2ms)[0m  [1m[34mSELECT  "users".* FROM "users" WHERE "users"."id" = ? ORDER BY "users"."id" ASC LIMIT ?[0m  [["id", 1], ["LIMIT", 1]]
  ↳ /Users/nickhar/.rbenv/versions/2.6.4/lib/ruby/gems/2.6.0/gems/activerecord-5.2.4.1/lib/active_record/log_subscriber.rb:98
  [1m[35m (0.1ms)[0m  [1m[36mbegin transaction[0m
  ↳ /Users/nickhar/.rbenv/versions/2.6.4/lib/ruby/gems/2.6.0/gems/activerecord-5.2.4.1/lib/active_record/log_subscriber.rb:98
  [1m[36mUser Update (0.5ms)[0m  [1m[33mUPDATE "users" SET "remember_created_at" = ?, "updated_at" = ? WHERE "users"."id" = ?[0m  [["remember_created_at", nil], ["updated_at", "2019-12-30 09:26:22.939328"], ["id", 1]]
  ↳ /Users/nickhar/.rbenv/versions/2.6.4/lib/ruby/gems/2.6.0/gems/activerecord-5.2.4.1/lib/active_record/log_subscriber.rb:98
  [1m[35m (0.8ms)[0m  [1m[36mcommit transaction[0m
  ↳ /Users/nickhar/.rbenv/versions/2.6.4/lib/ruby/gems/2.6.0/gems/activerecord-5.2.4.1/lib/active_record/log_subscriber.rb:98
Redirected to http://localhost:3000/
Completed 302 Found in 87ms (ActiveRecord: 1.6ms)


Started GET "/" for ::1 at 2019-12-30 11:26:22 +0200
Processing by WelcomeController#index as HTML
Completed 401 Unauthorized in 3ms (ActiveRecord: 0.0ms)


Started GET "/users/sign_in" for ::1 at 2019-12-30 11:26:22 +0200
Processing by Devise::SessionsController#new as HTML
  Rendering devise/sessions/new.html.erb within layouts/application
  Rendered devise/shared/_links.html.erb (1.1ms)
  Rendered devise/sessions/new.html.erb within layouts/application (154.4ms)
Completed 200 OK in 273ms (Views: 269.0ms | ActiveRecord: 0.0ms)


